Main.obj : error LNK2019: símbolo externo __imp_al_map_rgb sin resolver al que se hace referencia en la función "void __cdecl juego(void)" (?juego@@YAXXZ)
Main.obj : error LNK2019: símbolo externo __imp_al_map_rgba sin resolver al que se hace referencia en la función "void __cdecl juego(void)" (?juego@@YAXXZ)
Main.obj : error LNK2019: símbolo externo __imp_al_draw_bitmap sin resolver al que se hace referencia en la función "void __cdecl juego(void)" (?juego@@YAXXZ)
Main.obj : error LNK2019: símbolo externo __imp_al_draw_scaled_bitmap sin resolver al que se hace referencia en la función "void __cdecl juego(void)" (?juego@@YAXXZ)
Main.obj : error LNK2019: símbolo externo __imp_al_load_bitmap sin resolver al que se hace referencia en la función "void __cdecl juego(void)" (?juego@@YAXXZ)
Main.obj : error LNK2019: símbolo externo __imp_al_create_event_queue sin resolver al que se hace referencia en la función "void __cdecl juego(void)" (?juego@@YAXXZ)
Main.obj : error LNK2019: símbolo externo __imp_al_destroy_event_queue sin resolver al que se hace referencia en la función "void __cdecl juego(void)" (?juego@@YAXXZ)
Main.obj : error LNK2019: símbolo externo __imp_al_register_event_source sin resolver al que se hace referencia en la función "void __cdecl juego(void)" (?juego@@YAXXZ)
Main.obj : error LNK2019: símbolo externo __imp_al_wait_for_event sin resolver al que se hace referencia en la función "void __cdecl juego(void)" (?juego@@YAXXZ)
Main.obj : error LNK2019: símbolo externo __imp_al_create_display sin resolver al que se hace referencia en la función main
Main.obj : error LNK2019: símbolo externo __imp_al_destroy_display sin resolver al que se hace referencia en la función main
Main.obj : error LNK2019: símbolo externo __imp_al_flip_display sin resolver al que se hace referencia en la función "void __cdecl juego(void)" (?juego@@YAXXZ)
Main.obj : error LNK2019: símbolo externo __imp_al_get_display_event_source sin resolver al que se hace referencia en la función main
Main.obj : error LNK2019: símbolo externo __imp_al_set_window_position sin resolver al que se hace referencia en la función main
Main.obj : error LNK2019: símbolo externo __imp_al_set_window_title sin resolver al que se hace referencia en la función main
Main.obj : error LNK2019: símbolo externo __imp_al_clear_to_color sin resolver al que se hace referencia en la función "void __cdecl juego(void)" (?juego@@YAXXZ)
Main.obj : error LNK2019: símbolo externo __imp_al_install_keyboard sin resolver al que se hace referencia en la función "void __cdecl juego(void)" (?juego@@YAXXZ)
Main.obj : error LNK2019: símbolo externo __imp_al_get_keyboard_event_source sin resolver al que se hace referencia en la función "void __cdecl juego(void)" (?juego@@YAXXZ)
Main.obj : error LNK2019: símbolo externo __imp_al_get_monitor_info sin resolver al que se hace referencia en la función main
Main.obj : error LNK2019: símbolo externo __imp_al_install_mouse sin resolver al que se hace referencia en la función main
Main.obj : error LNK2019: símbolo externo __imp_al_get_mouse_event_source sin resolver al que se hace referencia en la función main
Main.obj : error LNK2019: símbolo externo __imp_al_install_system sin resolver al que se hace referencia en la función "void __cdecl juego(void)" (?juego@@YAXXZ)
Main.obj : error LNK2019: símbolo externo __imp_al_create_timer sin resolver al que se hace referencia en la función "void __cdecl juego(void)" (?juego@@YAXXZ)
Main.obj : error LNK2019: símbolo externo __imp_al_destroy_timer sin resolver al que se hace referencia en la función "void __cdecl juego(void)" (?juego@@YAXXZ)
Main.obj : error LNK2019: símbolo externo __imp_al_start_timer sin resolver al que se hace referencia en la función "void __cdecl juego(void)" (?juego@@YAXXZ)
Main.obj : error LNK2019: símbolo externo __imp_al_get_timer_event_source sin resolver al que se hace referencia en la función "void __cdecl juego(void)" (?juego@@YAXXZ)
Main.obj : error LNK2019: símbolo externo __imp_al_load_font sin resolver al que se hace referencia en la función "void __cdecl juego(void)" (?juego@@YAXXZ)
Main.obj : error LNK2019: símbolo externo __imp_al_draw_text sin resolver al que se hace referencia en la función "void __cdecl juego(void)" (?juego@@YAXXZ)
Main.obj : error LNK2019: símbolo externo __imp_al_destroy_font sin resolver al que se hace referencia en la función "void __cdecl juego(void)" (?juego@@YAXXZ)
Main.obj : error LNK2019: símbolo externo __imp_al_init_font_addon sin resolver al que se hace referencia en la función "void __cdecl juego(void)" (?juego@@YAXXZ)
Main.obj : error LNK2019: símbolo externo __imp_al_init_ttf_addon sin resolver al que se hace referencia en la función "void __cdecl juego(void)" (?juego@@YAXXZ)
Main.obj : error LNK2019: símbolo externo __imp_al_show_native_message_box sin resolver al que se hace referencia en la función "void __cdecl juego(void)" (?juego@@YAXXZ)
Main.obj : error LNK2019: símbolo externo __imp_al_init_primitives_addon sin resolver al que se hace referencia en la función "void __cdecl juego(void)" (?juego@@YAXXZ)
Main.obj : error LNK2019: símbolo externo __imp_al_draw_filled_rectangle sin resolver al que se hace referencia en la función "void __cdecl juego(void)" (?juego@@YAXXZ)
Main.obj : error LNK2019: símbolo externo __imp_al_draw_filled_rounded_rectangle sin resolver al que se hace referencia en la función "void __cdecl juego(void)" (?juego@@YAXXZ)
Main.obj : error LNK2019: símbolo externo __imp_al_init_image_addon sin resolver al que se hace referencia en la función "void __cdecl juego(void)" (?juego@@YAXXZ)
c:\allegro\lib\allegro-5.0.10-monolith-md.lib : warning LNK4272: el tipo de máquina de biblioteca 'x86' está en conflicto con el tipo de máquina de destino 'x64'
C:\Users\Alejandro\Desktop\Algoritmos\1111\Plantillas\PlantillaExt\x64\Debug\PlantillaExt.exe : fatal error LNK1120: 36 externos sin resolver
